2022-12-14 00:27:58,298 [INFO] com.travel.OnlineTravelSprint1Application [restartedMain] Starting OnlineTravelSprint1Application using Java 17.0.4.1 on inlen8520081483 with PID 15836 (C:\Users\jannaj\Documents\Online Travel Booking System\OnlineTravel_Sprint1\bin\main started by jannaj in C:\Users\jannaj\Documents\Online Travel Booking System\OnlineTravel_Sprint1)
2022-12-14 00:27:58,306 [INFO] com.travel.OnlineTravelSprint1Application [restartedMain] No active profile set, falling back to 1 default profile: "default"
2022-12-14 00:27:58,375 [INFO] org.springframework.boot.devtools.env.DevToolsPropertyDefaultsPostProcessor [restartedMain] Devtools property defaults active! Set 'spring.devtools.add-properties' to 'false' to disable
2022-12-14 00:27:58,376 [INFO] org.springframework.boot.devtools.env.DevToolsPropertyDefaultsPostProcessor [restartedMain] For additional web related logging consider setting the 'logging.level.web' property to 'DEBUG'
2022-12-14 00:27:59,304 [INFO] org.springframework.data.repository.config.RepositoryConfigurationDelegate [restartedMain] Bootstrapping Spring Data JPA repositories in DEFAULT mode.
2022-12-14 00:27:59,378 [INFO] org.springframework.data.repository.config.RepositoryConfigurationDelegate [restartedMain] Finished Spring Data repository scanning in 59 ms. Found 1 JPA repository interfaces.
2022-12-14 00:28:00,449 [INFO] org.springframework.boot.web.embedded.tomcat.TomcatWebServer [restartedMain] Tomcat initialized with port(s): 8023 (http)
2022-12-14 00:28:00,459 [INFO] org.apache.catalina.core.StandardService [restartedMain] Starting service [Tomcat]
2022-12-14 00:28:00,460 [INFO] org.apache.catalina.core.StandardEngine [restartedMain] Starting Servlet engine: [Apache Tomcat/9.0.68]
2022-12-14 00:28:00,580 [INFO] org.apache.catalina.core.ContainerBase.[Tomcat].[localhost].[/] [restartedMain] Initializing Spring embedded WebApplicationContext
2022-12-14 00:28:00,581 [INFO] org.springframework.boot.web.servlet.context.ServletWebServerApplicationContext [restartedMain] Root WebApplicationContext: initialization completed in 2203 ms
2022-12-14 00:28:00,957 [INFO] org.hibernate.jpa.internal.util.LogHelper [restartedMain] HHH000204: Processing PersistenceUnitInfo [name: default]
2022-12-14 00:28:01,069 [INFO] org.hibernate.Version [restartedMain] HHH000412: Hibernate ORM core version 5.6.12.Final
2022-12-14 00:28:01,382 [INFO] org.hibernate.annotations.common.Version [restartedMain] HCANN000001: Hibernate Commons Annotations {5.1.2.Final}
2022-12-14 00:28:01,587 [INFO] com.zaxxer.hikari.HikariDataSource [restartedMain] HikariPool-1 - Starting...
2022-12-14 00:28:01,939 [INFO] com.zaxxer.hikari.HikariDataSource [restartedMain] HikariPool-1 - Start completed.
2022-12-14 00:28:01,965 [INFO] org.hibernate.dialect.Dialect [restartedMain] HHH000400: Using dialect: org.hibernate.dialect.PostgreSQLDialect
2022-12-14 00:28:03,069 [INFO] org.hibernate.engine.transaction.jta.platform.internal.JtaPlatformInitiator [restartedMain] HHH000490: Using JtaPlatform implementation: [org.hibernate.engine.transaction.jta.platform.internal.NoJtaPlatform]
2022-12-14 00:28:03,086 [INFO] org.springframework.orm.jpa.LocalContainerEntityManagerFactoryBean [restartedMain] Initialized JPA EntityManagerFactory for persistence unit 'default'
2022-12-14 00:28:04,528 [WARN] org.springframework.boot.autoconfigure.orm.jpa.JpaBaseConfiguration$JpaWebConfiguration [restartedMain] spring.jpa.open-in-view is enabled by default. Therefore, database queries may be performed during view rendering. Explicitly configure spring.jpa.open-in-view to disable this warning
2022-12-14 00:28:05,371 [INFO] org.springframework.boot.devtools.autoconfigure.OptionalLiveReloadServer [restartedMain] LiveReload server is running on port 35729
2022-12-14 00:28:05,474 [INFO] org.springframework.boot.web.embedded.tomcat.TomcatWebServer [restartedMain] Tomcat started on port(s): 8023 (http) with context path ''
2022-12-14 00:28:05,496 [INFO] com.travel.OnlineTravelSprint1Application [restartedMain] Started OnlineTravelSprint1Application in 7.655 seconds (JVM running for 8.561)
